c:\users\cceelab\desktop\kaiheng9\boreoscope\x64\debug\vc143.pdb
c:\users\cceelab\desktop\kaiheng9\boreoscope\x64\debug\vc142.pdb
c:\users\cceelab\desktop\remade-controller-codebase\boreoscope\x64\debug\vc142.pdb
c:\users\cceelab\desktop\remade-controller-codebase\boreoscope\x64\debug\timedcaptureimagecollector.obj
c:\users\cceelab\desktop\remade-controller-codebase\boreoscope\x64\debug\imagestitcher.obj
c:\users\cceelab\desktop\remade-controller-codebase\boreoscope\x64\debug\savedimagecollector.obj
c:\users\cceelab\desktop\remade-controller-codebase\boreoscope\x64\debug\manualcaptureimagecollector.obj
c:\users\cceelab\desktop\remade-controller-codebase\boreoscope\x64\debug\imagepipelinehelper.obj
c:\users\cceelab\desktop\remade-controller-codebase\boreoscope\x64\debug\imagepipeline.obj
c:\users\cceelab\desktop\remade-controller-codebase\boreoscope\x64\debug\image.obj
c:\users\cceelab\desktop\remade-controller-codebase\boreoscope\x64\debug\main.obj
c:\users\cceelab\desktop\remade-controller-codebase\boreoscope\x64\debug\imagesplitter.obj
c:\users\cceelab\desktop\remade-controller-codebase\boreoscope\x64\debug\cobotimagecollector.obj
c:\users\cceelab\desktop\remade-controller-codebase\boreoscope\x64\debug\captureimagecollector.obj
c:\users\cceelab\desktop\kaiheng9\boreoscope\x64\debug\remade prototype.res
c:\users\cceelab\desktop\remade-controller-codebase\boreoscope\x64\debug\remade prototype.res
c:\users\cceelab\desktop\remade-controller-codebase\boreoscope\x64\debug\remade prototype.pdb
c:\users\cceelab\desktop\remade-controller-codebase\boreoscope\x64\debug\vc143.pdb
c:\users\cceelab\desktop\remade-controller-codebase\boreoscope\x64\debug\captureimagecollector.nativecodeanalysis.xml
c:\users\cceelab\desktop\remade-controller-codebase\boreoscope\x64\debug\cobotimagecollector.nativecodeanalysis.xml
c:\users\cceelab\desktop\remade-controller-codebase\boreoscope\x64\debug\image.nativecodeanalysis.xml
c:\users\cceelab\desktop\remade-controller-codebase\boreoscope\x64\debug\imagepipeline.nativecodeanalysis.xml
c:\users\cceelab\desktop\remade-controller-codebase\boreoscope\x64\debug\imagepipelinehelper.nativecodeanalysis.xml
c:\users\cceelab\desktop\remade-controller-codebase\boreoscope\x64\debug\imagesplitter.nativecodeanalysis.xml
c:\users\cceelab\desktop\remade-controller-codebase\boreoscope\x64\debug\imagestitcher.nativecodeanalysis.xml
c:\users\cceelab\desktop\remade-controller-codebase\boreoscope\x64\debug\main.nativecodeanalysis.xml
c:\users\cceelab\desktop\remade-controller-codebase\boreoscope\x64\debug\manualcaptureimagecollector.nativecodeanalysis.xml
c:\users\cceelab\desktop\remade-controller-codebase\boreoscope\x64\debug\savedimagecollector.nativecodeanalysis.xml
c:\users\cceelab\desktop\remade-controller-codebase\boreoscope\x64\debug\timedcaptureimagecollector.nativecodeanalysis.xml
c:\users\cceelab\desktop\remade-controller-codebase\boreoscope\x64\debug\vc.nativecodeanalysis.all.xml
c:\users\cceelab\desktop\remade-controller-codebase\boreoscope\x64\debug\remade prototype.tlog\cl.command.1.tlog
c:\users\cceelab\desktop\remade-controller-codebase\boreoscope\x64\debug\remade prototype.tlog\cl.items.tlog
c:\users\cceelab\desktop\remade-controller-codebase\boreoscope\x64\debug\remade prototype.tlog\cl.read.1.tlog
c:\users\cceelab\desktop\remade-controller-codebase\boreoscope\x64\debug\remade prototype.tlog\cl.write.1.tlog
c:\users\cceelab\desktop\remade-controller-codebase\boreoscope\x64\debug\remade prototype.tlog\link.2760-cvtres.read.1.tlog
c:\users\cceelab\desktop\remade-controller-codebase\boreoscope\x64\debug\remade prototype.tlog\link.2760-cvtres.write.1.tlog
c:\users\cceelab\desktop\remade-controller-codebase\boreoscope\x64\debug\remade prototype.tlog\link.2760-rc.read.1.tlog
c:\users\cceelab\desktop\remade-controller-codebase\boreoscope\x64\debug\remade prototype.tlog\link.2760-rc.write.1.tlog
c:\users\cceelab\desktop\remade-controller-codebase\boreoscope\x64\debug\remade prototype.tlog\link.2760.read.1.tlog
c:\users\cceelab\desktop\remade-controller-codebase\boreoscope\x64\debug\remade prototype.tlog\link.2760.write.1.tlog
c:\users\cceelab\desktop\remade-controller-codebase\boreoscope\x64\debug\remade prototype.tlog\link.command.1.tlog
c:\users\cceelab\desktop\remade-controller-codebase\boreoscope\x64\debug\remade prototype.tlog\link.read.1.tlog
c:\users\cceelab\desktop\remade-controller-codebase\boreoscope\x64\debug\remade prototype.tlog\link.write.1.tlog
c:\users\cceelab\desktop\remade-controller-codebase\boreoscope\x64\debug\remade prototype.tlog\rc.command.1.tlog
c:\users\cceelab\desktop\remade-controller-codebase\boreoscope\x64\debug\remade prototype.tlog\rc.read.1.tlog
c:\users\cceelab\desktop\remade-controller-codebase\boreoscope\x64\debug\remade prototype.tlog\rc.write.1.tlog
